18-Oct-2019 19:52:38.274 信息 [localhost-startStop-1] org.apache.catalina.core.ApplicationContext.log No Spring WebApplicationInitializer types detected on classpath
18-Oct-2019 19:52:38.321 信息 [localhost-startStop-1] org.apache.catalina.core.ApplicationContext.log Set web app root system property: 'bcplcbs' = [D:\Tomcats\apache-tomcat-8.0.41-cbs\webapps\bcplcbs\]
18-Oct-2019 19:52:38.325 信息 [localhost-startStop-1] org.apache.catalina.core.ApplicationContext.log Initializing log4j from [D:\Tomcats\apache-tomcat-8.0.41-cbs\webapps\bcplcbs\WEB-INF\conf\log4j.properties]
18-Oct-2019 19:52:38.373 信息 [localhost-startStop-1] org.apache.catalina.core.ApplicationContext.log Initializing Spring root WebApplicationContext
18-Oct-2019 19:52:39.258 信息 [localhost-startStop-1] org.apache.catalina.core.ApplicationContext.log No Spring WebApplicationInitializer types detected on classpath
18-Oct-2019 19:52:39.331 信息 [localhost-startStop-1] org.apache.catalina.core.ApplicationContext.log Set web app root system property: 'bcplcbs' = [D:\Tomcats\apache-tomcat-8.0.41-cbs\webapps\bcplcbs\]
18-Oct-2019 19:52:39.336 信息 [localhost-startStop-1] org.apache.catalina.core.ApplicationContext.log Initializing log4j from [D:\Tomcats\apache-tomcat-8.0.41-cbs\webapps\bcplcbs\WEB-INF\conf\log4j.properties]
18-Oct-2019 19:52:39.386 信息 [localhost-startStop-1] org.apache.catalina.core.ApplicationContext.log Initializing Spring root WebApplicationContext
18-Oct-2019 19:52:44.931 信息 [localhost-startStop-1] org.apache.catalina.core.ApplicationContext.log Initializing Spring FrameworkServlet 'bcplcbs'
18-Oct-2019 19:52:46.002 信息 [localhost-startStop-1] org.apache.catalina.core.ApplicationContext.log Initializing Spring FrameworkServlet 'bcplcbs'
18-Oct-2019 19:52:51.826 信息 [localhost-startStop-1] org.apache.catalina.core.ApplicationContext.log ContextListener: contextInitialized()
18-Oct-2019 19:52:51.826 信息 [localhost-startStop-1] org.apache.catalina.core.ApplicationContext.log SessionListener: contextInitialized()
18-Oct-2019 19:52:53.216 信息 [localhost-startStop-1] org.apache.catalina.core.ApplicationContext.log ContextListener: contextInitialized()
18-Oct-2019 19:52:53.216 信息 [localhost-startStop-1] org.apache.catalina.core.ApplicationContext.log SessionListener: contextInitialized()
18-Oct-2019 19:52:53.311 信息 [localhost-startStop-1] org.apache.catalina.core.ApplicationContext.log SessionListener: contextDestroyed()
18-Oct-2019 19:52:53.311 信息 [localhost-startStop-1] org.apache.catalina.core.ApplicationContext.log ContextListener: contextDestroyed()
18-Oct-2019 19:52:53.319 信息 [localhost-startStop-1] org.apache.catalina.core.ApplicationContext.log Destroying Spring FrameworkServlet 'bcplcbs'
18-Oct-2019 19:52:53.324 信息 [localhost-startStop-1] org.apache.catalina.core.ApplicationContext.log Closing Spring root WebApplicationContext
18-Oct-2019 19:52:53.343 信息 [localhost-startStop-1] org.apache.catalina.core.ApplicationContext.log Shutting down log4j
18-Oct-2019 19:53:22.451 信息 [ContainerBackgroundProcessor[StandardEngine[Catalina]]] org.apache.catalina.core.ApplicationContext.log Destroying Spring FrameworkServlet 'bcplcbs'
18-Oct-2019 19:53:22.461 信息 [ContainerBackgroundProcessor[StandardEngine[Catalina]]] org.apache.catalina.core.ApplicationContext.log Closing Spring root WebApplicationContext
18-Oct-2019 19:53:22.479 信息 [ContainerBackgroundProcessor[StandardEngine[Catalina]]] org.apache.catalina.core.ApplicationContext.log Shutting down log4j
18-Oct-2019 19:59:36.377 信息 [localhost-startStop-2] org.apache.catalina.core.ApplicationContext.log No Spring WebApplicationInitializer types detected on classpath
18-Oct-2019 19:59:36.413 信息 [localhost-startStop-2] org.apache.catalina.core.ApplicationContext.log Set web app root system property: 'bcplcbs' = [D:\Tomcats\apache-tomcat-8.0.41-cbs\webapps\unnamed\]
18-Oct-2019 19:59:36.416 信息 [localhost-startStop-2] org.apache.catalina.core.ApplicationContext.log Initializing log4j from [D:\Tomcats\apache-tomcat-8.0.41-cbs\webapps\unnamed\WEB-INF\conf\log4j.properties]
18-Oct-2019 19:59:36.449 信息 [localhost-startStop-2] org.apache.catalina.core.ApplicationContext.log Initializing Spring root WebApplicationContext
18-Oct-2019 19:59:40.954 信息 [localhost-startStop-2] org.apache.catalina.core.ApplicationContext.log Initializing Spring FrameworkServlet 'bcplcbs'
18-Oct-2019 19:59:43.291 信息 [localhost-startStop-1] org.apache.catalina.core.ApplicationContext.log No Spring WebApplicationInitializer types detected on classpath
18-Oct-2019 19:59:43.344 信息 [localhost-startStop-1] org.apache.catalina.core.ApplicationContext.log Set web app root system property: 'bcplcbs' = [D:\Tomcats\apache-tomcat-8.0.41-cbs\webapps\unnamed\]
18-Oct-2019 19:59:43.349 信息 [localhost-startStop-1] org.apache.catalina.core.ApplicationContext.log Initializing log4j from [D:\Tomcats\apache-tomcat-8.0.41-cbs\webapps\unnamed\WEB-INF\conf\log4j.properties]
18-Oct-2019 19:59:43.399 信息 [localhost-startStop-1] org.apache.catalina.core.ApplicationContext.log Initializing Spring root WebApplicationContext
18-Oct-2019 19:59:48.582 信息 [localhost-startStop-1] org.apache.catalina.core.ApplicationContext.log Initializing Spring FrameworkServlet 'bcplcbs'
18-Oct-2019 19:59:53.887 信息 [localhost-startStop-1] org.apache.catalina.core.ApplicationContext.log ContextListener: contextInitialized()
18-Oct-2019 19:59:53.887 信息 [localhost-startStop-1] org.apache.catalina.core.ApplicationContext.log SessionListener: contextInitialized()
18-Oct-2019 19:59:53.960 信息 [localhost-startStop-1] org.apache.catalina.core.ApplicationContext.log Destroying Spring FrameworkServlet 'bcplcbs'
18-Oct-2019 19:59:53.967 信息 [localhost-startStop-1] org.apache.catalina.core.ApplicationContext.log Closing Spring root WebApplicationContext
18-Oct-2019 19:59:53.983 信息 [localhost-startStop-1] org.apache.catalina.core.ApplicationContext.log Shutting down log4j
18-Oct-2019 19:59:53.998 信息 [localhost-startStop-1] org.apache.catalina.core.ApplicationContext.log SessionListener: contextDestroyed()
18-Oct-2019 19:59:53.998 信息 [localhost-startStop-1] org.apache.catalina.core.ApplicationContext.log ContextListener: contextDestroyed()
18-Oct-2019 20:00:04.531 信息 [localhost-startStop-1] org.apache.catalina.core.ApplicationContext.log No Spring WebApplicationInitializer types detected on classpath
18-Oct-2019 20:00:04.567 信息 [localhost-startStop-1] org.apache.catalina.core.ApplicationContext.log Set web app root system property: 'bcplcbs' = [D:\Tomcats\apache-tomcat-8.0.41-cbs\webapps\unnamed\]
18-Oct-2019 20:00:04.571 信息 [localhost-startStop-1] org.apache.catalina.core.ApplicationContext.log Initializing log4j from [D:\Tomcats\apache-tomcat-8.0.41-cbs\webapps\unnamed\WEB-INF\conf\log4j.properties]
18-Oct-2019 20:00:04.611 信息 [localhost-startStop-1] org.apache.catalina.core.ApplicationContext.log Initializing Spring root WebApplicationContext
18-Oct-2019 20:00:09.002 信息 [localhost-startStop-1] org.apache.catalina.core.ApplicationContext.log Initializing Spring FrameworkServlet 'bcplcbs'
18-Oct-2019 20:00:14.748 信息 [localhost-startStop-1] org.apache.catalina.core.ApplicationContext.log ContextListener: contextInitialized()
18-Oct-2019 20:00:14.748 信息 [localhost-startStop-1] org.apache.catalina.core.ApplicationContext.log SessionListener: contextInitialized()
18-Oct-2019 20:00:14.846 信息 [localhost-startStop-1] org.apache.catalina.core.ApplicationContext.log Destroying Spring FrameworkServlet 'bcplcbs'
18-Oct-2019 20:00:14.854 信息 [localhost-startStop-1] org.apache.catalina.core.ApplicationContext.log Closing Spring root WebApplicationContext
18-Oct-2019 20:00:14.881 信息 [localhost-startStop-1] org.apache.catalina.core.ApplicationContext.log Shutting down log4j
18-Oct-2019 20:00:14.898 信息 [localhost-startStop-1] org.apache.catalina.core.ApplicationContext.log SessionListener: contextDestroyed()
18-Oct-2019 20:00:14.898 信息 [localhost-startStop-1] org.apache.catalina.core.ApplicationContext.log ContextListener: contextDestroyed()
18-Oct-2019 20:00:16.658 信息 [localhost-startStop-1] org.apache.catalina.core.ApplicationContext.log No Spring WebApplicationInitializer types detected on classpath
18-Oct-2019 20:00:16.706 信息 [localhost-startStop-1] org.apache.catalina.core.ApplicationContext.log Set web app root system property: 'bcplcbs' = [D:\Tomcats\apache-tomcat-8.0.41-cbs\webapps\unnamed\]
18-Oct-2019 20:00:16.710 信息 [localhost-startStop-1] org.apache.catalina.core.ApplicationContext.log Initializing log4j from [D:\Tomcats\apache-tomcat-8.0.41-cbs\webapps\unnamed\WEB-INF\conf\log4j.properties]
18-Oct-2019 20:00:16.752 信息 [localhost-startStop-1] org.apache.catalina.core.ApplicationContext.log Initializing Spring root WebApplicationContext
18-Oct-2019 20:00:21.909 信息 [localhost-startStop-1] org.apache.catalina.core.ApplicationContext.log Initializing Spring FrameworkServlet 'bcplcbs'
18-Oct-2019 20:00:27.704 信息 [localhost-startStop-1] org.apache.catalina.core.ApplicationContext.log ContextListener: contextInitialized()
18-Oct-2019 20:00:27.704 信息 [localhost-startStop-1] org.apache.catalina.core.ApplicationContext.log SessionListener: contextInitialized()
18-Oct-2019 20:00:27.783 信息 [localhost-startStop-1] org.apache.catalina.core.ApplicationContext.log Destroying Spring FrameworkServlet 'bcplcbs'
18-Oct-2019 20:00:27.790 信息 [localhost-startStop-1] org.apache.catalina.core.ApplicationContext.log Closing Spring root WebApplicationContext
18-Oct-2019 20:00:27.809 信息 [localhost-startStop-1] org.apache.catalina.core.ApplicationContext.log Shutting down log4j
18-Oct-2019 20:00:27.822 信息 [localhost-startStop-1] org.apache.catalina.core.ApplicationContext.log SessionListener: contextDestroyed()
18-Oct-2019 20:00:27.822 信息 [localhost-startStop-1] org.apache.catalina.core.ApplicationContext.log ContextListener: contextDestroyed()
18-Oct-2019 20:00:37.092 信息 [ContainerBackgroundProcessor[StandardEngine[Catalina]]] org.apache.catalina.core.ApplicationContext.log Destroying Spring FrameworkServlet 'bcplcbs'
18-Oct-2019 20:00:37.127 信息 [ContainerBackgroundProcessor[StandardEngine[Catalina]]] org.apache.catalina.core.ApplicationContext.log Closing Spring root WebApplicationContext
18-Oct-2019 20:00:37.166 信息 [ContainerBackgroundProcessor[StandardEngine[Catalina]]] org.apache.catalina.core.ApplicationContext.log Shutting down log4j
18-Oct-2019 20:15:48.319 信息 [localhost-startStop-3] org.apache.catalina.core.ApplicationContext.log No Spring WebApplicationInitializer types detected on classpath
18-Oct-2019 20:15:48.356 信息 [localhost-startStop-3] org.apache.catalina.core.ApplicationContext.log Set web app root system property: 'bcplcbs' = [D:\Tomcats\apache-tomcat-8.0.41-cbs\webapps\bcplcbs\]
18-Oct-2019 20:15:48.359 信息 [localhost-startStop-3] org.apache.catalina.core.ApplicationContext.log Initializing log4j from [D:\Tomcats\apache-tomcat-8.0.41-cbs\webapps\bcplcbs\WEB-INF\conf\log4j.properties]
18-Oct-2019 20:15:48.392 信息 [localhost-startStop-3] org.apache.catalina.core.ApplicationContext.log Initializing Spring root WebApplicationContext
18-Oct-2019 20:15:52.814 信息 [localhost-startStop-3] org.apache.catalina.core.ApplicationContext.log Initializing Spring FrameworkServlet 'bcplcbs'
18-Oct-2019 20:15:56.066 信息 [localhost-startStop-1] org.apache.catalina.core.ApplicationContext.log No Spring WebApplicationInitializer types detected on classpath
18-Oct-2019 20:15:56.139 信息 [localhost-startStop-1] org.apache.catalina.core.ApplicationContext.log Set web app root system property: 'bcplcbs' = [D:\Tomcats\apache-tomcat-8.0.41-cbs\webapps\bcplcbs\]
18-Oct-2019 20:15:56.144 信息 [localhost-startStop-1] org.apache.catalina.core.ApplicationContext.log Initializing log4j from [D:\Tomcats\apache-tomcat-8.0.41-cbs\webapps\bcplcbs\WEB-INF\conf\log4j.properties]
18-Oct-2019 20:15:56.208 信息 [localhost-startStop-1] org.apache.catalina.core.ApplicationContext.log Initializing Spring root WebApplicationContext
18-Oct-2019 20:16:01.502 信息 [localhost-startStop-1] org.apache.catalina.core.ApplicationContext.log Initializing Spring FrameworkServlet 'bcplcbs'
18-Oct-2019 20:16:06.663 信息 [localhost-startStop-1] org.apache.catalina.core.ApplicationContext.log No Spring WebApplicationInitializer types detected on classpath
18-Oct-2019 20:16:06.712 信息 [localhost-startStop-1] org.apache.catalina.core.ApplicationContext.log Set web app root system property: 'bcplcbs' = [D:\Tomcats\apache-tomcat-8.0.41-cbs\webapps\bcplcbs\]
18-Oct-2019 20:16:06.717 信息 [localhost-startStop-1] org.apache.catalina.core.ApplicationContext.log Initializing log4j from [D:\Tomcats\apache-tomcat-8.0.41-cbs\webapps\bcplcbs\WEB-INF\conf\log4j.properties]
18-Oct-2019 20:16:06.764 信息 [localhost-startStop-1] org.apache.catalina.core.ApplicationContext.log Initializing Spring root WebApplicationContext
18-Oct-2019 20:16:07.930 信息 [localhost-startStop-1] org.apache.catalina.core.ApplicationContext.log ContextListener: contextInitialized()
18-Oct-2019 20:16:07.930 信息 [localhost-startStop-1] org.apache.catalina.core.ApplicationContext.log SessionListener: contextInitialized()
18-Oct-2019 20:16:08.041 信息 [localhost-startStop-1] org.apache.catalina.core.ApplicationContext.log SessionListener: contextDestroyed()
18-Oct-2019 20:16:08.041 信息 [localhost-startStop-1] org.apache.catalina.core.ApplicationContext.log ContextListener: contextDestroyed()
18-Oct-2019 20:16:08.054 信息 [localhost-startStop-1] org.apache.catalina.core.ApplicationContext.log Destroying Spring FrameworkServlet 'bcplcbs'
18-Oct-2019 20:16:08.065 信息 [localhost-startStop-1] org.apache.catalina.core.ApplicationContext.log Closing Spring root WebApplicationContext
18-Oct-2019 20:16:08.089 信息 [localhost-startStop-1] org.apache.catalina.core.ApplicationContext.log Shutting down log4j
18-Oct-2019 20:16:12.115 信息 [localhost-startStop-1] org.apache.catalina.core.ApplicationContext.log Initializing Spring FrameworkServlet 'bcplcbs'
18-Oct-2019 20:16:17.991 信息 [localhost-startStop-1] org.apache.catalina.core.ApplicationContext.log ContextListener: contextInitialized()
18-Oct-2019 20:16:17.991 信息 [localhost-startStop-1] org.apache.catalina.core.ApplicationContext.log SessionListener: contextInitialized()
18-Oct-2019 20:16:18.070 信息 [localhost-startStop-1] org.apache.catalina.core.ApplicationContext.log SessionListener: contextDestroyed()
18-Oct-2019 20:16:18.070 信息 [localhost-startStop-1] org.apache.catalina.core.ApplicationContext.log ContextListener: contextDestroyed()
18-Oct-2019 20:16:18.079 信息 [localhost-startStop-1] org.apache.catalina.core.ApplicationContext.log Destroying Spring FrameworkServlet 'bcplcbs'
18-Oct-2019 20:16:18.083 信息 [localhost-startStop-1] org.apache.catalina.core.ApplicationContext.log Closing Spring root WebApplicationContext
18-Oct-2019 20:16:18.102 信息 [localhost-startStop-1] org.apache.catalina.core.ApplicationContext.log Shutting down log4j
18-Oct-2019 20:26:39.559 信息 [ContainerBackgroundProcessor[StandardEngine[Catalina]]] org.apache.catalina.core.ApplicationContext.log Destroying Spring FrameworkServlet 'bcplcbs'
18-Oct-2019 20:26:39.575 信息 [ContainerBackgroundProcessor[StandardEngine[Catalina]]] org.apache.catalina.core.ApplicationContext.log Closing Spring root WebApplicationContext
18-Oct-2019 20:26:39.605 信息 [ContainerBackgroundProcessor[StandardEngine[Catalina]]] org.apache.catalina.core.ApplicationContext.log Shutting down log4j
18-Oct-2019 20:26:48.281 信息 [localhost-startStop-4] org.apache.catalina.core.ApplicationContext.log No Spring WebApplicationInitializer types detected on classpath
18-Oct-2019 20:26:48.318 信息 [localhost-startStop-4] org.apache.catalina.core.ApplicationContext.log Set web app root system property: 'bcplcbs' = [D:\Tomcats\apache-tomcat-8.0.41-cbs\webapps\bcplcbs\]
18-Oct-2019 20:26:48.321 信息 [localhost-startStop-4] org.apache.catalina.core.ApplicationContext.log Initializing log4j from [D:\Tomcats\apache-tomcat-8.0.41-cbs\webapps\bcplcbs\WEB-INF\conf\log4j.properties]
18-Oct-2019 20:26:48.353 信息 [localhost-startStop-4] org.apache.catalina.core.ApplicationContext.log Initializing Spring root WebApplicationContext
18-Oct-2019 20:26:51.763 信息 [localhost-startStop-4] org.apache.catalina.core.ApplicationContext.log Initializing Spring FrameworkServlet 'bcplcbs'
18-Oct-2019 20:29:04.400 信息 [localhost-startStop-1] org.apache.catalina.core.ApplicationContext.log ContextListener: contextInitialized()
18-Oct-2019 20:29:04.400 信息 [localhost-startStop-1] org.apache.catalina.core.ApplicationContext.log SessionListener: contextInitialized()
18-Oct-2019 20:29:10.531 信息 [localhost-startStop-1] org.apache.catalina.core.ApplicationContext.log ContextListener: contextInitialized()
18-Oct-2019 20:29:10.531 信息 [localhost-startStop-1] org.apache.catalina.core.ApplicationContext.log SessionListener: contextInitialized()
18-Oct-2019 20:29:10.625 信息 [localhost-startStop-1] org.apache.catalina.core.ApplicationContext.log SessionListener: contextDestroyed()
18-Oct-2019 20:29:10.625 信息 [localhost-startStop-1] org.apache.catalina.core.ApplicationContext.log ContextListener: contextDestroyed()
18-Oct-2019 20:29:53.646 信息 [localhost-startStop-2] org.apache.catalina.core.ApplicationContext.log SessionListener: contextDestroyed()
18-Oct-2019 20:29:53.646 信息 [localhost-startStop-2] org.apache.catalina.core.ApplicationContext.log ContextListener: contextDestroyed()
